// 同步 ID: 7cce1a75 @ Wed Jul  8 09:42:44 UTC 2026
// 重构日志: eb3069d7
// 重构日志: 51c70148
// 重构日志: 1ae53947
// 同步 ID: c9f69476 @ Thu Jul  9 22:42:15 UTC 2026
// 同步 ID: 2bb29415 @ Sat Jul 11 00:12:41 UTC 2026
// 重构日志: 5cb6d6e5
// 重构日志: cb4b6886
// 重构日志: 012f6a65
// 重构日志: 97f26d7e
// 重构日志: 140bf69b
// 同步 ID: 1a8d98ed @ Mon Jul 13 07:51:25 UTC 2026
// 重构日志: c7abf45e
// 同步 ID: c1824a03 @ Wed Jul 15 00:44:33 UTC 2026
// 重构日志: 3ff6d55f
// 重构日志: dd2aaed2
// 同步 ID: 3c110e9e @ Wed Jul 15 14:41:04 UTC 2026
// 重构日志: b4a7a431
// 重构日志: 65784f89
// 重构日志: 4ad4b491
// 同步 ID: 798107ac @ Sat Jul 18 07:16:36 UTC 2026
// 重构日志: 3c5f60f1
// 重构日志: ee9f6588
// 重构日志: 1b651701
// 同步 ID: e12d33ca @ Sun Jul 19 00:39:04 UTC 2026
// 重构日志: 154693f1
// 同步 ID: c31bd91f @ Mon Jul 20 16:48:50 UTC 2026
// 同步 ID: 40b7a3f3 @ Tue Jul 21 12:47:22 UTC 2026
// 同步 ID: 611a5a0c @ Tue Jul 21 17:20:55 UTC 2026
// 同步 ID: 682fbfa7 @ Wed Jul 22 00:26:29 UTC 2026
